<?xml version="1.0" encoding="UTF-8"?>
<!-- Generated by org.testng.reporters.JUnitXMLReporter -->
<testsuite ignored="5" hostname="LAPTOP-SECIDV6O" failures="0" tests="1" name="Default test" time="5.295" errors="0" timestamp="2024-10-19T21:03:57 SGT">
  <testcase classname="com.testCases.TestCreateWorkingClassHero" name="uploadCSVAsBookkeeper" time="5.125"/>
  <testcase classname="com.testCases.TestCreateWorkingClassHero" name="createHero" time="0.0">
    <ignored/>
  </testcase> <!-- createHero -->
  <testcase classname="com.testCases.TestCreateWorkingClassHero" name="verifyHerosOwningMoney" time="0.0">
    <ignored/>
  </testcase> <!-- verifyHerosOwningMoney -->
  <testcase classname="com.testCases.TestCreateWorkingClassHero" name="verifyVoucherByPerson" time="0.0">
    <ignored/>
  </testcase> <!-- verifyVoucherByPerson -->
  <testcase classname="com.testCases.TestCreateWorkingClassHero" name="createWorkingCLassHerosWithVouchers" time="0.0">
    <ignored/>
  </testcase> <!-- createWorkingCLassHerosWithVouchers -->
  <testcase classname="com.testCases.TestCreateWorkingClassHero" name="byPersonAndType" time="0.0">
    <ignored/>
  </testcase> <!-- byPersonAndType -->
</testsuite> <!-- Default test -->
