<?xml version="1.0" encoding="UTF-8"?>
<!-- Generated by org.testng.reporters.JUnitXMLReporter -->
<testsuite ignored="5" hostname="LAPTOP-SECIDV6O" failures="0" tests="1" name="Default test" time="2.528" errors="0" timestamp="2024-10-17T20:32:39 SGT">
  <testcase classname="com.testCases.CreateWorkingClassHero" name="byPersonAndType" time="2.475"/>
  <testcase classname="com.testCases.CreateWorkingClassHero" name="createWorkingCLassHerosWithVouchers" time="0.0">
    <ignored/>
  </testcase> <!-- createWorkingCLassHerosWithVouchers -->
  <testcase classname="com.testCases.CreateWorkingClassHero" name="uploadCSVAsBookkeeper" time="0.0">
    <ignored/>
  </testcase> <!-- uploadCSVAsBookkeeper -->
  <testcase classname="com.testCases.CreateWorkingClassHero" name="verifyHerosOwningMoney" time="0.0">
    <ignored/>
  </testcase> <!-- verifyHerosOwningMoney -->
  <testcase classname="com.testCases.CreateWorkingClassHero" name="createHero" time="0.0">
    <ignored/>
  </testcase> <!-- createHero -->
  <testcase classname="com.testCases.CreateWorkingClassHero" name="verifyVoucherByPerson" time="0.0">
    <ignored/>
  </testcase> <!-- verifyVoucherByPerson -->
</testsuite> <!-- Default test -->
