<?xml version="1.0" encoding="UTF-8"?>
<testng-results ignored="5" total="6" passed="1" failed="0" skipped="0">
  <reporter-output>
  </reporter-output>
  <suite started-at="2024-10-20T00:03:20 SGT" name="Default suite" finished-at="2024-10-20T00:03:22 SGT" duration-ms="2303">
    <groups>
    </groups>
    <test started-at="2024-10-20T00:03:20 SGT" name="Default test" finished-at="2024-10-20T00:03:22 SGT" duration-ms="2303">
      <class name="com.testCases.TestCreateWorkingClassHero">
        <test-method is-config="true" signature="setup(org.testng.ITestResult)[pri:0, instance:com.testCases.TestCreateWorkingClassHero@1165b38]" started-at="2024-10-20T00:03:20 SGT" name="setup" finished-at="2024-10-20T00:03:22 SGT" duration-ms="1406" status="PASS">
          <params>
            <param index="0">
              <value>
                <![CDATA[[TestResult name={null} status=CREATED method=TestCreateWorkingClassHero.UploadCSVAsClark()[pri:0, instance:com.testCases.TestCreateWorkingClassHero@1165b38] output={null}]]]>
              </value>
            </param>
          </params>
          <reporter-output>
          </reporter-output>
        </test-method> <!-- setup -->
        <test-method signature="UploadCSVAsClark()[pri:0, instance:com.testCases.TestCreateWorkingClassHero@1165b38]" started-at="2024-10-20T00:03:22 SGT" name="UploadCSVAsClark" finished-at="2024-10-20T00:03:22 SGT" duration-ms="705" status="PASS">
          <reporter-output>
          </reporter-output>
        </test-method> <!-- UploadCSVAsClark -->
        <test-method is-config="true" signature="afterMethod(org.testng.ITestResult)[pri:0, instance:com.testCases.TestCreateWorkingClassHero@1165b38]" started-at="2024-10-20T00:03:22 SGT" name="afterMethod" finished-at="2024-10-20T00:03:22 SGT" duration-ms="153" status="PASS">
          <params>
            <param index="0">
              <value>
                <![CDATA[[TestResult name=UploadCSVAsClark status=SUCCESS method=TestCreateWorkingClassHero.UploadCSVAsClark()[pri:0, instance:com.testCases.TestCreateWorkingClassHero@1165b38] output={null}]]]>
              </value>
            </param>
          </params>
          <reporter-output>
          </reporter-output>
        </test-method> <!-- afterMethod -->
      </class> <!-- com.testCases.TestCreateWorkingClassHero -->
    </test> <!-- Default test -->
  </suite> <!-- Default suite -->
</testng-results>
