<?xml version="1.0" encoding="UTF-8"?>
<testng-results ignored="5" total="6" passed="1" failed="0" skipped="0">
  <reporter-output>
  </reporter-output>
  <suite started-at="2024-10-17T20:32:36 SGT" name="Default suite" finished-at="2024-10-17T20:32:39 SGT" duration-ms="2528">
    <groups>
    </groups>
    <test started-at="2024-10-17T20:32:36 SGT" name="Default test" finished-at="2024-10-17T20:32:39 SGT" duration-ms="2528">
      <class name="com.testCases.CreateWorkingClassHero">
        <test-method signature="byPersonAndType()[pri:0, instance:com.testCases.CreateWorkingClassHero@6989da5e]" started-at="2024-10-17T20:32:36 SGT" name="byPersonAndType" finished-at="2024-10-17T20:32:39 SGT" duration-ms="2475" status="PASS">
          <reporter-output>
          </reporter-output>
        </test-method> <!-- byPersonAndType -->
      </class> <!-- com.testCases.CreateWorkingClassHero -->
    </test> <!-- Default test -->
  </suite> <!-- Default suite -->
</testng-results>
