<?xml version="1.0" encoding="UTF-8"?>
<!-- Generated by org.testng.reporters.JUnitXMLReporter -->
<testsuite ignored="0" hostname="LAPTOP-SECIDV6O" failures="0" tests="7" name="TestName" time="7.663" errors="0" timestamp="2024-10-19T21:07:51 SGT">
  <testcase classname="com.testCases.TestCreateWorkingClassHero" name="byPersonAndType" time="1.597"/>
  <testcase classname="com.testCases.TestCreateWorkingClassHero" name="createHero" time="0.122"/>
  <testcase classname="com.testCases.TestCreateWorkingClassHero" name="createWorkingCLassHerosWithVouchers" time="0.065"/>
  <testcase classname="com.testCases.TestCreateWorkingClassHero" name="uploadCSVAsBookkeeper" time="5.426"/>
  <testcase classname="com.testCases.TestCreateWorkingClassHero" name="verifyHerosOwningMoney" time="0.086"/>
  <testcase classname="com.testCases.TestCreateWorkingClassHero" name="verifyVoucherByPerson" time="0.089"/>
  <testcase classname="com.testCases.TestGenerateTaxRelief" name="generateHeroTaxRelief" time="0.081"/>
</testsuite> <!-- TestName -->
